<?xml version="1.0" encoding="UTF-8"?>
<coverage generated="1575332571172" clover="3.2.0">
  <project timestamp="1575332571173" name="All files">
    <metrics statements="24" coveredstatements="24" conditionals="10" coveredconditionals="10" methods="12" coveredmethods="12" elements="46" coveredelements="46" complexity="0" loc="24" ncloc="24" packages="1" files="1" classes="1"/>
    <file name="types.js" path="/Users/dev/Alchemy/careerTrack/labs/TddWithJest/lib/types.js">
      <metrics statements="24" coveredstatements="24" conditionals="10" coveredconditionals="10" methods="12" coveredmethods="12"/>
      <line num="1" count="12" type="stmt"/>
      <line num="2" count="8" type="stmt"/>
      <line num="3" count="8" type="stmt"/>
      <line num="4" count="9" type="cond" truecount="2" falsecount="0"/>
      <line num="5" count="9" type="cond" truecount="2" falsecount="0"/>
      <line num="6" count="8" type="stmt"/>
      <line num="8" count="1" type="stmt"/>
      <line num="9" count="6" type="cond" truecount="2" falsecount="0"/>
      <line num="10" count="5" type="stmt"/>
      <line num="11" count="5" type="cond" truecount="2" falsecount="0"/>
      <line num="12" count="3" type="stmt"/>
      <line num="15" count="1" type="stmt"/>
      <line num="16" count="5" type="stmt"/>
      <line num="19" count="1" type="stmt"/>
      <line num="20" count="11" type="stmt"/>
      <line num="23" count="5" type="stmt"/>
      <line num="27" count="2" type="stmt"/>
      <line num="28" count="2" type="stmt"/>
      <line num="29" count="2" type="stmt"/>
      <line num="30" count="2" type="stmt"/>
      <line num="34" count="1" type="stmt"/>
      <line num="41" count="1" type="stmt"/>
      <line num="42" count="5" type="cond" truecount="2" falsecount="0"/>
      <line num="45" count="1" type="stmt"/>
    </file>
  </project>
</coverage>
