<?xml version="1.0" encoding="UTF-8"?>
<coverage generated="1575323335768" clover="3.2.0">
  <project timestamp="1575323335768" name="All files">
    <metrics statements="15" coveredstatements="15" conditionals="6" coveredconditionals="6" methods="5" coveredmethods="5" elements="26" coveredelements="26" complexity="0" loc="15" ncloc="15" packages="1" files="1" classes="1"/>
    <file name="types.js" path="/Users/dev/Alchemy/careerTrack/labs/TddWithJest/lib/types.js">
      <metrics statements="15" coveredstatements="15" conditionals="6" coveredconditionals="6" methods="5" coveredmethods="5"/>
      <line num="1" count="12" type="stmt"/>
      <line num="2" count="6" type="stmt"/>
      <line num="4" count="1" type="stmt"/>
      <line num="5" count="6" type="cond" truecount="2" falsecount="0"/>
      <line num="6" count="5" type="stmt"/>
      <line num="7" count="5" type="cond" truecount="2" falsecount="0"/>
      <line num="8" count="3" type="stmt"/>
      <line num="13" count="2" type="stmt"/>
      <line num="14" count="2" type="stmt"/>
      <line num="15" count="2" type="stmt"/>
      <line num="16" count="2" type="stmt"/>
      <line num="20" count="1" type="stmt"/>
      <line num="24" count="1" type="stmt"/>
      <line num="25" count="2" type="cond" truecount="2" falsecount="0"/>
      <line num="28" count="1" type="stmt"/>
    </file>
  </project>
</coverage>
