{"/Users/dev/Alchemy/careerTrack/labs/TddWithJest/lib/types.js": {"path":"/Users/dev/Alchemy/careerTrack/labs/TddWithJest/lib/types.js","statementMap":{"0":{"start":{"line":1,"column":17},"end":{"line":1,"column":47}},"1":{"start":{"line":1,"column":24},"end":{"line":1,"column":47}},"2":{"start":{"line":2,"column":17},"end":{"line":2,"column":47}},"3":{"start":{"line":2,"column":24},"end":{"line":2,"column":47}},"4":{"start":{"line":3,"column":18},"end":{"line":3,"column":49}},"5":{"start":{"line":3,"column":25},"end":{"line":3,"column":49}},"6":{"start":{"line":4,"column":16},"end":{"line":4,"column":68}},"7":{"start":{"line":4,"column":23},"end":{"line":4,"column":68}},"8":{"start":{"line":5,"column":17},"end":{"line":5,"column":70}},"9":{"start":{"line":5,"column":24},"end":{"line":5,"column":70}},"10":{"start":{"line":6,"column":19},"end":{"line":6,"column":51}},"11":{"start":{"line":6,"column":26},"end":{"line":6,"column":51}},"12":{"start":{"line":8,"column":21},"end":{"line":13,"column":1}},"13":{"start":{"line":9,"column":2},"end":{"line":9,"column":31}},"14":{"start":{"line":9,"column":20},"end":{"line":9,"column":31}},"15":{"start":{"line":10,"column":17},"end":{"line":10,"column":28}},"16":{"start":{"line":11,"column":2},"end":{"line":11,"column":53}},"17":{"start":{"line":11,"column":20},"end":{"line":11,"column":53}},"18":{"start":{"line":12,"column":2},"end":{"line":12,"column":16}},"19":{"start":{"line":17,"column":17},"end":{"line":17,"column":26}},"20":{"start":{"line":18,"column":4},"end":{"line":18,"column":49}},"21":{"start":{"line":19,"column":4},"end":{"line":19,"column":21}},"22":{"start":{"line":20,"column":4},"end":{"line":20,"column":23}},"23":{"start":{"line":24,"column":16},"end":{"line":26,"column":1}},"24":{"start":{"line":28,"column":18},"end":{"line":30,"column":1}},"25":{"start":{"line":29,"column":2},"end":{"line":29,"column":36}},"26":{"start":{"line":32,"column":0},"end":{"line":42,"column":2}}},"fnMap":{"0":{"name":"(anonymous_0)","decl":{"start":{"line":1,"column":17},"end":{"line":1,"column":18}},"loc":{"start":{"line":1,"column":24},"end":{"line":1,"column":47}},"line":1},"1":{"name":"(anonymous_1)","decl":{"start":{"line":2,"column":17},"end":{"line":2,"column":18}},"loc":{"start":{"line":2,"column":24},"end":{"line":2,"column":47}},"line":2},"2":{"name":"(anonymous_2)","decl":{"start":{"line":3,"column":18},"end":{"line":3,"column":19}},"loc":{"start":{"line":3,"column":25},"end":{"line":3,"column":49}},"line":3},"3":{"name":"(anonymous_3)","decl":{"start":{"line":4,"column":16},"end":{"line":4,"column":17}},"loc":{"start":{"line":4,"column":23},"end":{"line":4,"column":68}},"line":4},"4":{"name":"(anonymous_4)","decl":{"start":{"line":5,"column":17},"end":{"line":5,"column":18}},"loc":{"start":{"line":5,"column":24},"end":{"line":5,"column":70}},"line":5},"5":{"name":"(anonymous_5)","decl":{"start":{"line":6,"column":19},"end":{"line":6,"column":20}},"loc":{"start":{"line":6,"column":26},"end":{"line":6,"column":51}},"line":6},"6":{"name":"(anonymous_6)","decl":{"start":{"line":8,"column":21},"end":{"line":8,"column":22}},"loc":{"start":{"line":8,"column":28},"end":{"line":13,"column":1}},"line":8},"7":{"name":"(anonymous_7)","decl":{"start":{"line":16,"column":2},"end":{"line":16,"column":3}},"loc":{"start":{"line":16,"column":27},"end":{"line":21,"column":3}},"line":16},"8":{"name":"(anonymous_8)","decl":{"start":{"line":28,"column":18},"end":{"line":28,"column":19}},"loc":{"start":{"line":28,"column":26},"end":{"line":30,"column":1}},"line":28}},"branchMap":{"0":{"loc":{"start":{"line":4,"column":23},"end":{"line":4,"column":68}},"type":"binary-expr","locations":[{"start":{"line":4,"column":23},"end":{"line":4,"column":46}},{"start":{"line":4,"column":50},"end":{"line":4,"column":68}}],"line":4},"1":{"loc":{"start":{"line":5,"column":24},"end":{"line":5,"column":70}},"type":"binary-expr","locations":[{"start":{"line":5,"column":24},"end":{"line":5,"column":47}},{"start":{"line":5,"column":51},"end":{"line":5,"column":70}}],"line":5},"2":{"loc":{"start":{"line":9,"column":2},"end":{"line":9,"column":31}},"type":"if","locations":[{"start":{"line":9,"column":2},"end":{"line":9,"column":31}},{"start":{"line":9,"column":2},"end":{"line":9,"column":31}}],"line":9},"3":{"loc":{"start":{"line":11,"column":2},"end":{"line":11,"column":53}},"type":"if","locations":[{"start":{"line":11,"column":2},"end":{"line":11,"column":53}},{"start":{"line":11,"column":2},"end":{"line":11,"column":53}}],"line":11},"4":{"loc":{"start":{"line":29,"column":9},"end":{"line":29,"column":35}},"type":"binary-expr","locations":[{"start":{"line":29,"column":9},"end":{"line":29,"column":27}},{"start":{"line":29,"column":31},"end":{"line":29,"column":35}}],"line":29}},"s":{"0":1,"1":12,"2":1,"3":8,"4":1,"5":7,"6":1,"7":9,"8":1,"9":9,"10":1,"11":8,"12":1,"13":6,"14":1,"15":5,"16":5,"17":2,"18":3,"19":2,"20":2,"21":2,"22":2,"23":1,"24":1,"25":2,"26":1},"f":{"0":12,"1":8,"2":7,"3":9,"4":9,"5":8,"6":6,"7":2,"8":2},"b":{"0":[9,3],"1":[9,3],"2":[1,5],"3":[2,3],"4":[2,1]},"_coverageSchema":"43e27e138ebf9cfc5966b082cf9a028302ed4184","hash":"5152385081f3034338266edd28372e0c0a38f410"}
}
