{"/Users/dev/Alchemy/careerTrack/labs/TddWithJest/lib/types.js": {"path":"/Users/dev/Alchemy/careerTrack/labs/TddWithJest/lib/types.js","statementMap":{"0":{"start":{"line":1,"column":17},"end":{"line":1,"column":47}},"1":{"start":{"line":1,"column":24},"end":{"line":1,"column":47}},"2":{"start":{"line":2,"column":17},"end":{"line":2,"column":47}},"3":{"start":{"line":2,"column":24},"end":{"line":2,"column":47}},"4":{"start":{"line":3,"column":18},"end":{"line":3,"column":49}},"5":{"start":{"line":3,"column":25},"end":{"line":3,"column":49}},"6":{"start":{"line":4,"column":16},"end":{"line":4,"column":68}},"7":{"start":{"line":4,"column":23},"end":{"line":4,"column":68}},"8":{"start":{"line":5,"column":17},"end":{"line":5,"column":70}},"9":{"start":{"line":5,"column":24},"end":{"line":5,"column":70}},"10":{"start":{"line":6,"column":19},"end":{"line":6,"column":51}},"11":{"start":{"line":6,"column":26},"end":{"line":6,"column":51}},"12":{"start":{"line":8,"column":21},"end":{"line":13,"column":1}},"13":{"start":{"line":9,"column":2},"end":{"line":9,"column":31}},"14":{"start":{"line":9,"column":20},"end":{"line":9,"column":31}},"15":{"start":{"line":10,"column":17},"end":{"line":10,"column":28}},"16":{"start":{"line":11,"column":2},"end":{"line":11,"column":53}},"17":{"start":{"line":11,"column":20},"end":{"line":11,"column":53}},"18":{"start":{"line":12,"column":2},"end":{"line":12,"column":16}},"19":{"start":{"line":15,"column":21},"end":{"line":17,"column":1}},"20":{"start":{"line":16,"column":2},"end":{"line":16,"column":21}},"21":{"start":{"line":19,"column":22},"end":{"line":21,"column":1}},"22":{"start":{"line":20,"column":2},"end":{"line":20,"column":22}},"23":{"start":{"line":23,"column":20},"end":{"line":23,"column":35}},"24":{"start":{"line":23,"column":32},"end":{"line":23,"column":35}},"25":{"start":{"line":38,"column":17},"end":{"line":38,"column":26}},"26":{"start":{"line":39,"column":4},"end":{"line":39,"column":49}},"27":{"start":{"line":40,"column":4},"end":{"line":40,"column":21}},"28":{"start":{"line":41,"column":4},"end":{"line":41,"column":23}},"29":{"start":{"line":45,"column":16},"end":{"line":50,"column":1}},"30":{"start":{"line":52,"column":18},"end":{"line":54,"column":1}},"31":{"start":{"line":53,"column":2},"end":{"line":53,"column":36}},"32":{"start":{"line":56,"column":0},"end":{"line":69,"column":2}}},"fnMap":{"0":{"name":"(anonymous_0)","decl":{"start":{"line":1,"column":17},"end":{"line":1,"column":18}},"loc":{"start":{"line":1,"column":24},"end":{"line":1,"column":47}},"line":1},"1":{"name":"(anonymous_1)","decl":{"start":{"line":2,"column":17},"end":{"line":2,"column":18}},"loc":{"start":{"line":2,"column":24},"end":{"line":2,"column":47}},"line":2},"2":{"name":"(anonymous_2)","decl":{"start":{"line":3,"column":18},"end":{"line":3,"column":19}},"loc":{"start":{"line":3,"column":25},"end":{"line":3,"column":49}},"line":3},"3":{"name":"(anonymous_3)","decl":{"start":{"line":4,"column":16},"end":{"line":4,"column":17}},"loc":{"start":{"line":4,"column":23},"end":{"line":4,"column":68}},"line":4},"4":{"name":"(anonymous_4)","decl":{"start":{"line":5,"column":17},"end":{"line":5,"column":18}},"loc":{"start":{"line":5,"column":24},"end":{"line":5,"column":70}},"line":5},"5":{"name":"(anonymous_5)","decl":{"start":{"line":6,"column":19},"end":{"line":6,"column":20}},"loc":{"start":{"line":6,"column":26},"end":{"line":6,"column":51}},"line":6},"6":{"name":"(anonymous_6)","decl":{"start":{"line":8,"column":21},"end":{"line":8,"column":22}},"loc":{"start":{"line":8,"column":28},"end":{"line":13,"column":1}},"line":8},"7":{"name":"(anonymous_7)","decl":{"start":{"line":15,"column":21},"end":{"line":15,"column":22}},"loc":{"start":{"line":15,"column":28},"end":{"line":17,"column":1}},"line":15},"8":{"name":"(anonymous_8)","decl":{"start":{"line":19,"column":22},"end":{"line":19,"column":23}},"loc":{"start":{"line":19,"column":29},"end":{"line":21,"column":1}},"line":19},"9":{"name":"(anonymous_9)","decl":{"start":{"line":23,"column":20},"end":{"line":23,"column":21}},"loc":{"start":{"line":23,"column":32},"end":{"line":23,"column":35}},"line":23},"10":{"name":"(anonymous_10)","decl":{"start":{"line":37,"column":2},"end":{"line":37,"column":3}},"loc":{"start":{"line":37,"column":27},"end":{"line":42,"column":3}},"line":37},"11":{"name":"(anonymous_11)","decl":{"start":{"line":52,"column":18},"end":{"line":52,"column":19}},"loc":{"start":{"line":52,"column":26},"end":{"line":54,"column":1}},"line":52}},"branchMap":{"0":{"loc":{"start":{"line":4,"column":23},"end":{"line":4,"column":68}},"type":"binary-expr","locations":[{"start":{"line":4,"column":23},"end":{"line":4,"column":46}},{"start":{"line":4,"column":50},"end":{"line":4,"column":68}}],"line":4},"1":{"loc":{"start":{"line":5,"column":24},"end":{"line":5,"column":70}},"type":"binary-expr","locations":[{"start":{"line":5,"column":24},"end":{"line":5,"column":47}},{"start":{"line":5,"column":51},"end":{"line":5,"column":70}}],"line":5},"2":{"loc":{"start":{"line":9,"column":2},"end":{"line":9,"column":31}},"type":"if","locations":[{"start":{"line":9,"column":2},"end":{"line":9,"column":31}},{"start":{"line":9,"column":2},"end":{"line":9,"column":31}}],"line":9},"3":{"loc":{"start":{"line":11,"column":2},"end":{"line":11,"column":53}},"type":"if","locations":[{"start":{"line":11,"column":2},"end":{"line":11,"column":53}},{"start":{"line":11,"column":2},"end":{"line":11,"column":53}}],"line":11},"4":{"loc":{"start":{"line":53,"column":9},"end":{"line":53,"column":35}},"type":"binary-expr","locations":[{"start":{"line":53,"column":9},"end":{"line":53,"column":27}},{"start":{"line":53,"column":31},"end":{"line":53,"column":35}}],"line":53}},"s":{"0":1,"1":12,"2":1,"3":8,"4":1,"5":8,"6":1,"7":9,"8":1,"9":9,"10":1,"11":8,"12":1,"13":6,"14":1,"15":5,"16":5,"17":2,"18":3,"19":1,"20":5,"21":1,"22":11,"23":1,"24":1,"25":2,"26":2,"27":2,"28":2,"29":1,"30":1,"31":2,"32":1},"f":{"0":12,"1":8,"2":8,"3":9,"4":9,"5":8,"6":6,"7":5,"8":11,"9":1,"10":2,"11":2},"b":{"0":[9,3],"1":[9,3],"2":[1,5],"3":[2,3],"4":[2,1]},"_coverageSchema":"43e27e138ebf9cfc5966b082cf9a028302ed4184","hash":"cb6acf10dc7fd2852eadaaa3e36b4207c4463e0c"}
}
