TN:
SF:/Users/dev/Alchemy/careerTrack/labs/TddWithJest/lib/types.js
FN:1,(anonymous_0)
FN:2,(anonymous_1)
FN:3,(anonymous_2)
FN:4,(anonymous_3)
FN:6,(anonymous_4)
FN:14,(anonymous_5)
FN:26,(anonymous_6)
FNF:7
FNH:7
FNDA:12,(anonymous_0)
FNDA:8,(anonymous_1)
FNDA:7,(anonymous_2)
FNDA:8,(anonymous_3)
FNDA:6,(anonymous_4)
FNDA:2,(anonymous_5)
FNDA:2,(anonymous_6)
DA:1,12
DA:2,8
DA:3,7
DA:4,8
DA:6,1
DA:7,6
DA:8,5
DA:9,5
DA:10,3
DA:15,2
DA:16,2
DA:17,2
DA:18,2
DA:22,1
DA:26,1
DA:27,2
DA:30,1
LF:17
LH:17
BRDA:4,0,0,8
BRDA:4,0,1,3
BRDA:7,1,0,1
BRDA:7,1,1,5
BRDA:9,2,0,2
BRDA:9,2,1,3
BRDA:27,3,0,2
BRDA:27,3,1,1
BRF:8
BRH:8
end_of_record
