TN:
SF:/Users/dev/Alchemy/careerTrack/labs/TddWithJest/lib/types.js
FN:1,(anonymous_0)
FN:2,(anonymous_1)
FN:3,(anonymous_2)
FN:4,(anonymous_3)
FN:5,(anonymous_4)
FN:7,(anonymous_5)
FN:15,(anonymous_6)
FN:27,(anonymous_7)
FNF:8
FNH:8
FNDA:12,(anonymous_0)
FNDA:8,(anonymous_1)
FNDA:7,(anonymous_2)
FNDA:9,(anonymous_3)
FNDA:9,(anonymous_4)
FNDA:6,(anonymous_5)
FNDA:2,(anonymous_6)
FNDA:2,(anonymous_7)
DA:1,12
DA:2,8
DA:3,7
DA:4,9
DA:5,9
DA:7,1
DA:8,6
DA:9,5
DA:10,5
DA:11,3
DA:16,2
DA:17,2
DA:18,2
DA:19,2
DA:23,1
DA:27,1
DA:28,2
DA:31,1
LF:18
LH:18
BRDA:4,0,0,9
BRDA:4,0,1,3
BRDA:5,1,0,9
BRDA:5,1,1,3
BRDA:8,2,0,1
BRDA:8,2,1,5
BRDA:10,3,0,2
BRDA:10,3,1,3
BRDA:28,4,0,2
BRDA:28,4,1,1
BRF:10
BRH:10
end_of_record
